<?xml version="1.0" encoding="UTF-8"?>
<!-- Generated by org.testng.reporters.JUnitXMLReporter -->
<testsuite hostname="Vipans-MacBook-Air.local" name="Default test" tests="3" failures="0" timestamp="2 Oct 2021 04:59:24 GMT" time="2.824" errors="0">
  <testcase name="@BeforeMethod setUp" time="0.0" classname="com.qa.tests.LoginPageTest">
    <failure type="org.openqa.selenium.SessionNotCreatedException" message="session not created: This version of ChromeDriver only supports Chrome version 92
Current browser version is 94.0.4606.71 with binary path /Applications/Google Chrome.app/Contents/MacOS/Google Chrome
Build info: version: &amp;apos;3.141.59&amp;apos;, revision: &amp;apos;e82be7d358&amp;apos;, time: &amp;apos;2018-11-14T08:17:03&amp;apos;
System info: host: &amp;apos;Vipans-MacBook-Air.local&amp;apos;, ip: &amp;apos;fe80:0:0:0:14bf:937c:18b4:3268%en0&amp;apos;, os.name: &amp;apos;Mac OS X&amp;apos;, os.arch: &amp;apos;x86_64&amp;apos;, os.version: &amp;apos;10.14.6&amp;apos;, java.version: &amp;apos;1.8.0_151&amp;apos;
Driver info: driver.version: ChromeDriver
remote stacktrace: 0   chromedriver 4                      0x000000010978f829 chromedriver 4 + 2730025
1   chromedriver 4                      0x0000000109e4cf43 chromedriver 4 + 9797443
2   chromedriver 4                      0x0000000109521958 chromedriver 4 + 182616
3   chromedriver 4                      0x00000001095476a8 chromedriver 4 + 337576
4   chromedriver 4                      0x00000001095432e3 chromedriver 4 + 320227
5   chromedriver 4                      0x000000010953f9f6 chromedriver 4 + 305654
6   chromedriver 4                      0x00000001095789d2 chromedriver 4 + 539090
7   chromedriver 4                      0x0000000109572c93 chromedriver 4 + 515219
8   chromedriver 4                      0x00000001095498be chromedriver 4 + 346302
9   chromedriver 4                      0x000000010954ab25 chromedriver 4 + 351013
10  chromedriver 4                      0x0000000109756f8f chromedriver 4 + 2498447
11  chromedriver 4                      0x0000000109769a61 chromedriver 4 + 2574945
12  chromedriver 4                      0x000000010973c76b chromedriver 4 + 2389867
13  chromedriver 4                      0x000000010976aeda chromedriver 4 + 2580186
14  chromedriver 4                      0x000000010974cffc chromedriver 4 + 2457596
15  chromedriver 4                      0x0000000109784148 chromedriver 4 + 2683208
16  chromedriver 4                      0x00000001097842d1 chromedriver 4 + 2683601
17  chromedriver 4                      0x0000000109794848 chromedriver 4 + 2750536
18  libsystem_pthread.dylib             0x00007fff7652e2eb _pthread_body + 126
19  libsystem_pthread.dylib             0x00007fff76531249 _pthread_start + 66
20  libsystem_pthread.dylib             0x00007fff7652d40d thread_start + 13
">
      <![CDATA[org.openqa.selenium.SessionNotCreatedException: session not created: This version of ChromeDriver only supports Chrome version 92
Current browser version is 94.0.4606.71 with binary path /Applications/Google Chrome.app/Contents/MacOS/Google Chrome
Build info: version: '3.141.59', revision: 'e82be7d358', time: '2018-11-14T08:17:03'
System info: host: 'Vipans-MacBook-Air.local', ip: 'fe80:0:0:0:14bf:937c:18b4:3268%en0', os.name: 'Mac OS X', os.arch: 'x86_64', os.version: '10.14.6', java.version: '1.8.0_151'
Driver info: driver.version: ChromeDriver
remote stacktrace: 0   chromedriver 4                      0x000000010978f829 chromedriver 4 + 2730025
1   chromedriver 4                      0x0000000109e4cf43 chromedriver 4 + 9797443
2   chromedriver 4                      0x0000000109521958 chromedriver 4 + 182616
3   chromedriver 4                      0x00000001095476a8 chromedriver 4 + 337576
4   chromedriver 4                      0x00000001095432e3 chromedriver 4 + 320227
5   chromedriver 4                      0x000000010953f9f6 chromedriver 4 + 305654
6   chromedriver 4                      0x00000001095789d2 chromedriver 4 + 539090
7   chromedriver 4                      0x0000000109572c93 chromedriver 4 + 515219
8   chromedriver 4                      0x00000001095498be chromedriver 4 + 346302
9   chromedriver 4                      0x000000010954ab25 chromedriver 4 + 351013
10  chromedriver 4                      0x0000000109756f8f chromedriver 4 + 2498447
11  chromedriver 4                      0x0000000109769a61 chromedriver 4 + 2574945
12  chromedriver 4                      0x000000010973c76b chromedriver 4 + 2389867
13  chromedriver 4                      0x000000010976aeda chromedriver 4 + 2580186
14  chromedriver 4                      0x000000010974cffc chromedriver 4 + 2457596
15  chromedriver 4                      0x0000000109784148 chromedriver 4 + 2683208
16  chromedriver 4                      0x00000001097842d1 chromedriver 4 + 2683601
17  chromedriver 4                      0x0000000109794848 chromedriver 4 + 2750536
18  libsystem_pthread.dylib             0x00007fff7652e2eb _pthread_body + 126
19  libsystem_pthread.dylib             0x00007fff76531249 _pthread_start + 66
20  libsystem_pthread.dylib             0x00007fff7652d40d thread_start + 13

	at sun.reflect.NativeConstructorAccessorImpl.newInstance0(Native Method)
	at sun.reflect.NativeConstructorAccessorImpl.newInstance(NativeConstructorAccessorImpl.java:62)
	at sun.reflect.DelegatingConstructorAccessorImpl.newInstance(DelegatingConstructorAccessorImpl.java:45)
	at java.lang.reflect.Constructor.newInstance(Constructor.java:423)
	at org.openqa.selenium.remote.W3CHandshakeResponse.lambda$errorHandler$0(W3CHandshakeResponse.java:62)
	at org.openqa.selenium.remote.HandshakeResponse.lambda$getResponseFunction$0(HandshakeResponse.java:30)
	at org.openqa.selenium.remote.ProtocolHandshake.lambda$createSession$0(ProtocolHandshake.java:126)
	at java.util.stream.ReferencePipeline$3$1.accept(ReferencePipeline.java:193)
	at java.util.Spliterators$ArraySpliterator.tryAdvance(Spliterators.java:958)
	at java.util.stream.ReferencePipeline.forEachWithCancel(ReferencePipeline.java:126)
	at java.util.stream.AbstractPipeline.copyIntoWithCancel(AbstractPipeline.java:498)
	at java.util.stream.AbstractPipeline.copyInto(AbstractPipeline.java:485)
	at java.util.stream.AbstractPipeline.wrapAndCopyInto(AbstractPipeline.java:471)
	at java.util.stream.FindOps$FindOp.evaluateSequential(FindOps.java:152)
	at java.util.stream.AbstractPipeline.evaluate(AbstractPipeline.java:234)
	at java.util.stream.ReferencePipeline.findFirst(ReferencePipeline.java:464)
	at org.openqa.selenium.remote.ProtocolHandshake.createSession(ProtocolHandshake.java:128)
	at org.openqa.selenium.remote.ProtocolHandshake.createSession(ProtocolHandshake.java:74)
	at org.openqa.selenium.remote.HttpCommandExecutor.execute(HttpCommandExecutor.java:136)
	at org.openqa.selenium.remote.service.DriverCommandExecutor.execute(DriverCommandExecutor.java:83)
	at org.openqa.selenium.remote.RemoteWebDriver.execute(RemoteWebDriver.java:552)
	at org.openqa.selenium.remote.RemoteWebDriver.startSession(RemoteWebDriver.java:213)
	at org.openqa.selenium.remote.RemoteWebDriver.<init>(RemoteWebDriver.java:131)
	at org.openqa.selenium.chrome.ChromeDriver.<init>(ChromeDriver.java:181)
	at org.openqa.selenium.chrome.ChromeDriver.<init>(ChromeDriver.java:168)
	at org.openqa.selenium.chrome.ChromeDriver.<init>(ChromeDriver.java:123)
	at com.qa.TestBase.Base.initialization(Base.java:33)
	at com.qa.tests.LoginPageTest.setUp(LoginPageTest.java:29)
	at sun.reflect.NativeMethodAccessorImpl.invoke0(Native Method)
	at sun.reflect.NativeMethodAccessorImpl.invoke(NativeMethodAccessorImpl.java:62)
	at sun.reflect.DelegatingMethodAccessorImpl.invoke(DelegatingMethodAccessorImpl.java:43)
	at java.lang.reflect.Method.invoke(Method.java:498)
	at org.testng.internal.MethodInvocationHelper.invokeMethod(MethodInvocationHelper.java:80)
	at org.testng.internal.Invoker.invokeConfigurationMethod(Invoker.java:564)
	at org.testng.internal.Invoker.invokeConfigurations(Invoker.java:213)
	at org.testng.internal.Invoker.invokeMethod(Invoker.java:653)
	at org.testng.internal.Invoker.invokeTestMethod(Invoker.java:901)
	at org.testng.internal.Invoker.invokeTestMethods(Invoker.java:1231)
	at org.testng.internal.TestMethodWorker.invokeTestMethods(TestMethodWorker.java:127)
	at org.testng.internal.TestMethodWorker.run(TestMethodWorker.java:111)
	at org.testng.TestRunner.privateRun(TestRunner.java:767)
	at org.testng.TestRunner.run(TestRunner.java:617)
	at org.testng.SuiteRunner.runTest(SuiteRunner.java:334)
	at org.testng.SuiteRunner.runSequentially(SuiteRunner.java:329)
	at org.testng.SuiteRunner.privateRun(SuiteRunner.java:291)
	at org.testng.SuiteRunner.run(SuiteRunner.java:240)
	at org.testng.SuiteRunnerWorker.runSuite(SuiteRunnerWorker.java:52)
	at org.testng.SuiteRunnerWorker.run(SuiteRunnerWorker.java:86)
	at org.testng.TestNG.runSuitesSequentially(TestNG.java:1198)
	at org.testng.TestNG.runSuitesLocally(TestNG.java:1123)
	at org.testng.TestNG.run(TestNG.java:1031)
	at org.testng.remote.AbstractRemoteTestNG.run(AbstractRemoteTestNG.java:114)
	at org.testng.remote.RemoteTestNG.initAndRun(RemoteTestNG.java:251)
	at org.testng.remote.RemoteTestNG.main(RemoteTestNG.java:77)
]]>
    </failure>
  </testcase> <!-- @BeforeMethod setUp -->
  <testcase name="@AfterMethod tearDown" time="0.0" classname="com.qa.tests.LoginPageTest">
    <skipped/>
  </testcase> <!-- @AfterMethod tearDown -->
  <testcase name="@BeforeMethod setUp" time="0.0" classname="com.qa.tests.LoginPageTest">
    <skipped/>
  </testcase> <!-- @BeforeMethod setUp -->
  <testcase name="@AfterMethod tearDown" time="0.0" classname="com.qa.tests.LoginPageTest">
    <skipped/>
  </testcase> <!-- @AfterMethod tearDown -->
  <testcase name="@BeforeMethod setUp" time="0.0" classname="com.qa.tests.LoginPageTest">
    <skipped/>
  </testcase> <!-- @BeforeMethod setUp -->
  <testcase name="@AfterMethod tearDown" time="0.0" classname="com.qa.tests.LoginPageTest">
    <skipped/>
  </testcase> <!-- @AfterMethod tearDown -->
  <testcase name="verifyLoginPageLogoTest" time="0.003" classname="com.qa.tests.LoginPageTest">
    <skipped/>
  </testcase> <!-- verifyLoginPageLogoTest -->
  <testcase name="verifyHeaderLinksTest" time="0.001" classname="com.qa.tests.LoginPageTest">
    <skipped/>
  </testcase> <!-- verifyHeaderLinksTest -->
  <testcase name="loginTest" time="0.042" classname="com.qa.tests.LoginPageTest">
    <skipped/>
  </testcase> <!-- loginTest -->
</testsuite> <!-- Default test -->
