<?xml version="1.0" encoding="UTF-8"?>
<!-- Generated by org.testng.reporters.JUnitXMLReporter -->
<testsuite hostname="Vipans-MacBook-Air.local" name="Free CRM Automation Test" tests="13" failures="1" timestamp="2 Oct 2021 05:45:46 GMT" time="190.578" errors="0">
  <testcase name="verifyLoginPageLogoTest" time="20.087" classname="com.qa.tests.LoginPageTest">
    <failure type="org.openqa.selenium.NoSuchElementException" message="no such element: Unable to locate element: {&amp;quot;method&amp;quot;:&amp;quot;xpath&amp;quot;,&amp;quot;selector&amp;quot;:&amp;quot;//img[contains(@src,&amp;apos;logo111&amp;apos;)]&amp;quot;}
  (Session info: chrome=94.0.4606.71)
For documentation on this error, please visit: https://www.seleniumhq.org/exceptions/no_such_element.html
Build info: version: &amp;apos;3.141.59&amp;apos;, revision: &amp;apos;e82be7d358&amp;apos;, time: &amp;apos;2018-11-14T08:17:03&amp;apos;
System info: host: &amp;apos;Vipans-MacBook-Air.local&amp;apos;, ip: &amp;apos;fe80:0:0:0:14bf:937c:18b4:3268%en0&amp;apos;, os.name: &amp;apos;Mac OS X&amp;apos;, os.arch: &amp;apos;x86_64&amp;apos;, os.version: &amp;apos;10.14.6&amp;apos;, java.version: &amp;apos;1.8.0_151&amp;apos;
Driver info: org.openqa.selenium.chrome.ChromeDriver
Capabilities {acceptInsecureCerts: false, browserName: chrome, browserVersion: 94.0.4606.71, chrome: {chromedriverVersion: 94.0.4606.61 (418b78f5838ed..., userDataDir: /var/folders/4g/kzcc4nxx245...}, goog:chromeOptions: {debuggerAddress: localhost:52400}, javascriptEnabled: true, networkConnectionEnabled: false, pageLoadStrategy: normal, platform: MAC, platformName: MAC, proxy: Proxy(), setWindowRect: true, strictFileInteractability: false, timeouts: {implicit: 0, pageLoad: 300000, script: 30000}, unhandledPromptBehavior: dismiss and notify, webauthn:extension:credBlob: true, webauthn:extension:largeBlob: true, webauthn:virtualAuthenticators: true}
Session ID: e5810d52d14ce01bcfab02fa520ded53
*** Element info: {Using=xpath, value=//img[contains(@src,&amp;apos;logo111&amp;apos;)]}">
      <![CDATA[org.openqa.selenium.NoSuchElementException: no such element: Unable to locate element: {"method":"xpath","selector":"//img[contains(@src,'logo111')]"}
  (Session info: chrome=94.0.4606.71)
For documentation on this error, please visit: https://www.seleniumhq.org/exceptions/no_such_element.html
Build info: version: '3.141.59', revision: 'e82be7d358', time: '2018-11-14T08:17:03'
System info: host: 'Vipans-MacBook-Air.local', ip: 'fe80:0:0:0:14bf:937c:18b4:3268%en0', os.name: 'Mac OS X', os.arch: 'x86_64', os.version: '10.14.6', java.version: '1.8.0_151'
Driver info: org.openqa.selenium.chrome.ChromeDriver
Capabilities {acceptInsecureCerts: false, browserName: chrome, browserVersion: 94.0.4606.71, chrome: {chromedriverVersion: 94.0.4606.61 (418b78f5838ed..., userDataDir: /var/folders/4g/kzcc4nxx245...}, goog:chromeOptions: {debuggerAddress: localhost:52400}, javascriptEnabled: true, networkConnectionEnabled: false, pageLoadStrategy: normal, platform: MAC, platformName: MAC, proxy: Proxy(), setWindowRect: true, strictFileInteractability: false, timeouts: {implicit: 0, pageLoad: 300000, script: 30000}, unhandledPromptBehavior: dismiss and notify, webauthn:extension:credBlob: true, webauthn:extension:largeBlob: true, webauthn:virtualAuthenticators: true}
Session ID: e5810d52d14ce01bcfab02fa520ded53
*** Element info: {Using=xpath, value=//img[contains(@src,'logo111')]}
	at org.openqa.selenium.remote.http.W3CHttpResponseCodec.createException(W3CHttpResponseCodec.java:187)
	at org.openqa.selenium.remote.http.W3CHttpResponseCodec.decode(W3CHttpResponseCodec.java:122)
	at org.openqa.selenium.remote.http.W3CHttpResponseCodec.decode(W3CHttpResponseCodec.java:49)
	at org.openqa.selenium.remote.HttpCommandExecutor.execute(HttpCommandExecutor.java:158)
	at org.openqa.selenium.remote.service.DriverCommandExecutor.execute(DriverCommandExecutor.java:83)
	at org.openqa.selenium.remote.RemoteWebDriver.execute(RemoteWebDriver.java:552)
	at org.openqa.selenium.remote.RemoteWebDriver.findElement(RemoteWebDriver.java:323)
	at org.openqa.selenium.remote.RemoteWebDriver.findElementByXPath(RemoteWebDriver.java:428)
	at org.openqa.selenium.By$ByXPath.findElement(By.java:353)
	at org.openqa.selenium.remote.RemoteWebDriver.findElement(RemoteWebDriver.java:315)
	at org.openqa.selenium.support.pagefactory.DefaultElementLocator.findElement(DefaultElementLocator.java:69)
	at org.openqa.selenium.support.pagefactory.internal.LocatingElementHandler.invoke(LocatingElementHandler.java:38)
	at com.sun.proxy.$Proxy10.isDisplayed(Unknown Source)
	at com.qa.pages.LoginPage.isLogoImageDisplayed(LoginPage.java:37)
	at com.qa.tests.LoginPageTest.verifyLoginPageLogoTest(LoginPageTest.java:35)
... Removed 28 stack frames]]>
    </failure>
  </testcase> <!-- verifyLoginPageLogoTest -->
  <testcase name="verifyHeaderLinksTest" time="0.161" classname="com.qa.tests.LoginPageTest"/>
  <testcase name="loginTest" time="6.01" classname="com.qa.tests.LoginPageTest"/>
  <testcase name="verifyUserNameDisplayedTest" time="0.059" classname="com.qa.tests.HomePageTest"/>
  <testcase name="verifyHeaderTextDisplayedTest" time="0.037" classname="com.qa.tests.HomePageTest"/>
  <testcase name="verifyLeftSideContainerTest" time="0.043" classname="com.qa.tests.HomePageTest"/>
  <testcase name="verifySetUpLinkTest" time="0.036" classname="com.qa.tests.HomePageTest"/>
  <testcase name="verifyHelpLinkTest" time="0.038" classname="com.qa.tests.HomePageTest"/>
  <testcase name="verifyLogoutLinkTest" time="0.033" classname="com.qa.tests.HomePageTest"/>
  <testcase name="verifyNewEventSubMenuTest" time="0.252" classname="com.qa.tests.HomePageTest"/>
  <testcase name="createNewCompanyTest" time="2.15" classname="com.qa.tests.NewCompanyTest"/>
  <testcase name="createNewCompanyTest" time="2.207" classname="com.qa.tests.NewCompanyTest"/>
  <testcase name="createNewCompanyTest" time="2.449" classname="com.qa.tests.NewCompanyTest"/>
</testsuite> <!-- Free CRM Automation Test -->
